<?xml version="1.0" encoding="UTF-8"?>
<!-- Generated by org.testng.reporters.JUnitXMLReporter -->
<testsuite hostname="DESKTOP-813UCCG" name="Test" tests="1" failures="1" timestamp="29 May 2019 16:44:20 GMT" time="0.41" errors="0">
  <testcase name="feature" time="0.035" classname="com.testautomation.TestRunner.TestRunner">
    <failure type="java.lang.AbstractMethodError" message="cucumber.runtime.java.JavaStepDefinition.matchedArguments(Lgherkin/formatter/model/Step;)Ljava/util/List;">
      <![CDATA[java.lang.AbstractMethodError: cucumber.runtime.java.JavaStepDefinition.matchedArguments(Lgherkin/formatter/model/Step;)Ljava/util/List;
	at cucumber.runtime.RuntimeGlue.stepDefinitionMatches(RuntimeGlue.java:81)
	at cucumber.runtime.RuntimeGlue.stepDefinitionMatch(RuntimeGlue.java:62)
	at cucumber.runtime.Runtime.runStep(Runtime.java:267)
	at cucumber.runtime.model.StepContainer.runStep(StepContainer.java:44)
	at cucumber.runtime.model.StepContainer.runSteps(StepContainer.java:39)
	at cucumber.runtime.model.CucumberScenario.run(CucumberScenario.java:44)
	at cucumber.runtime.model.CucumberFeature.run(CucumberFeature.java:165)
	at cucumber.api.testng.TestNGCucumberRunner.runCucumber(TestNGCucumberRunner.java:63)
	at com.testautomation.TestRunner.TestRunner.feature(TestRunner.java:34)
... Removed 24 stack frames]]>
    </failure>
  </testcase> <!-- feature -->
</testsuite> <!-- Test -->
