<?xml version="1.0" encoding="UTF-8"?>
<testng-results skipped="0" failed="0" total="1" passed="1">
  <reporter-output>
  </reporter-output>
  <suite name="Default suite" duration-ms="49875" started-at="2019-05-30T14:00:47Z" finished-at="2019-05-30T14:01:37Z">
    <groups>
    </groups>
    <test name="Default test" duration-ms="49875" started-at="2019-05-30T14:00:47Z" finished-at="2019-05-30T14:01:37Z">
      <class name="com.testautomation.TestRunner.TestRunner">
        <test-method status="PASS" signature="setUpClass()[pri:0, instance:com.testautomation.TestRunner.TestRunner@29774679]" name="setUpClass" is-config="true" duration-ms="328" started-at="2019-05-30T19:30:47Z" finished-at="2019-05-30T19:30:47Z">
          <reporter-output>
          </reporter-output>
        </test-method> <!-- setUpClass -->
        <test-method status="PASS" signature="feature(cucumber.api.testng.CucumberFeatureWrapper)[pri:0, instance:com.testautomation.TestRunner.TestRunner@29774679]" name="feature" duration-ms="49312" started-at="2019-05-30T19:30:47Z" data-provider="features" finished-at="2019-05-30T19:31:37Z">
          <params>
            <param index="0">
              <value>
                <![CDATA[YouTube Search Validations]]>
              </value>
            </param>
          </params>
          <reporter-output>
          </reporter-output>
        </test-method> <!-- feature -->
        <test-method status="PASS" signature="teardown()[pri:0, instance:com.testautomation.TestRunner.TestRunner@29774679]" name="teardown" is-config="true" duration-ms="125" started-at="2019-05-30T19:31:37Z" finished-at="2019-05-30T19:31:37Z">
          <reporter-output>
          </reporter-output>
        </test-method> <!-- teardown -->
      </class> <!-- com.testautomation.TestRunner.TestRunner -->
    </test> <!-- Default test -->
  </suite> <!-- Default suite -->
</testng-results>
